<?xml version="1.0" encoding="UTF-8"?>
<!-- Generated by org.testng.reporters.JUnitReportReporter -->
<testsuite hostname="Win-njain-IN" failures="0" tests="2" name="com.example.selenium.LoadTimeTest" time="1209.868" errors="0" timestamp="2025-10-30T18:23:09 IST" skipped="0">
  <testcase classname="com.example.selenium.LoadTimeTest" name="runForDuration" time="608.022"/>
  <testcase classname="com.example.selenium.LoadTimeTest" name="runForDuration" time="601.846"/>
</testsuite> <!-- com.example.selenium.LoadTimeTest -->
